1596985826225	geckodriver	INFO	Listening on 127.0.0.1:58698
1596985829253	mozrunner::runner	INFO	Running command: "C:\\Program Files (x86)\\Mozilla Firefox\\firefox.exe" "--marionette" "-foreground" "-no-remote" "-profile" "C:\\Users\\renih\\AppData\\Local\\Temp\\rust_mozprofileZmYi6I"
JavaScript error: resource://gre/modules/XULStore.jsm, line 66: Error: Can't find profile directory.
console.error: SearchCache: "_readCacheFile: Error reading cache file:" (new Error("", "(unknown module)"))
1596985832527	Marionette	INFO	Listening on port 58706
1596985832881	Marionette	WARN	TLS certificate errors will be ignored for this session
1596985841099	Marionette	INFO	Stopped listening on port 58706

###!!! [Child][MessageChannel::SendAndWait] Error: Channel error: cannot send/recv

1596985959898	geckodriver	INFO	Listening on 127.0.0.1:58767
1596985962904	mozrunner::runner	INFO	Running command: "C:\\Program Files (x86)\\Mozilla Firefox\\firefox.exe" "--marionette" "-foreground" "-no-remote" "-profile" "C:\\Users\\renih\\AppData\\Local\\Temp\\rust_mozprofilemISh5g"
JavaScript error: resource://gre/modules/XULStore.jsm, line 66: Error: Can't find profile directory.
console.error: SearchCache: "_readCacheFile: Error reading cache file:" (new Error("", "(unknown module)"))
1596985966000	Marionette	INFO	Listening on port 58778
1596985966032	Marionette	WARN	TLS certificate errors will be ignored for this session
1596985968164	Marionette	INFO	Stopped listening on port 58778

###!!! [Child][RunMessage] Error: Channel closing: too late to send/recv, messages will be lost


###!!! [Child][MessageChannel::SendAndWait] Error: Channel error: cannot send/recv

1596988592904	geckodriver	INFO	Listening on 127.0.0.1:59701
1596988595940	mozrunner::runner	INFO	Running command: "C:\\Program Files (x86)\\Mozilla Firefox\\firefox.exe" "--marionette" "-foreground" "-no-remote" "-profile" "C:\\Users\\renih\\AppData\\Local\\Temp\\rust_mozprofileQYSRHX"
JavaScript error: resource://gre/modules/XULStore.jsm, line 66: Error: Can't find profile directory.
console.error: SearchCache: "_readCacheFile: Error reading cache file:" (new Error("", "(unknown module)"))
1596988599128	Marionette	INFO	Listening on port 59709
1596988599568	Marionette	WARN	TLS certificate errors will be ignored for this session
1596988602063	Marionette	INFO	Stopped listening on port 59709

###!!! [Child][MessageChannel::SendAndWait] Error: Channel error: cannot send/recv

1596988654880	geckodriver	INFO	Listening on 127.0.0.1:59748
1596988657890	mozrunner::runner	INFO	Running command: "C:\\Program Files (x86)\\Mozilla Firefox\\firefox.exe" "--marionette" "-foreground" "-no-remote" "-profile" "C:\\Users\\renih\\AppData\\Local\\Temp\\rust_mozprofiletb83XM"
JavaScript error: resource://gre/modules/XULStore.jsm, line 66: Error: Can't find profile directory.
console.error: SearchCache: "_readCacheFile: Error reading cache file:" (new Error("", "(unknown module)"))
1596988660803	Marionette	INFO	Listening on port 59757
1596988661011	Marionette	WARN	TLS certificate errors will be ignored for this session
1596988661491	Marionette	INFO	Stopped listening on port 59757

###!!! [Child][RunMessage] Error: Channel closing: too late to send/recv, messages will be lost


###!!! [Child][MessageChannel::SendAndWait] Error: Channel error: cannot send/recv

1596990356523	geckodriver	INFO	Listening on 127.0.0.1:60197
1596990359533	mozrunner::runner	INFO	Running command: "C:\\Program Files (x86)\\Mozilla Firefox\\firefox.exe" "--marionette" "-foreground" "-no-remote" "-profile" "C:\\Users\\renih\\AppData\\Local\\Temp\\rust_mozprofilePVd9Oz"
JavaScript error: resource://gre/modules/XULStore.jsm, line 66: Error: Can't find profile directory.
console.error: SearchCache: "_readCacheFile: Error reading cache file:" (new Error("", "(unknown module)"))
console.error: Region.jsm: "Error fetching region" (new TypeError("NetworkError when attempting to fetch resource.", ""))
console.error: Region.jsm: "Failed to fetch region" (new Error("NO_RESULT", "resource://gre/modules/Region.jsm", 343))

###!!! [Child][MessageChannel::SendAndWait] Error: Channel error: cannot send/recv

